<?xml version="1.0" encoding="UTF-8"?>
<!-- Generated by org.testng.reporters.JUnitXMLReporter -->
<testsuite ignored="0" hostname="DESKTOP-N46G1GJ" failures="0" tests="6" name="Default test" time="17.612" errors="0" timestamp="2025-01-21T10:58:41 IST">
  <testcase classname="com.ecommerce.login.LoginTest" name="loginValidationTest" time="1.052"/>
  <testcase classname="com.ecommerce.login.LoginTest" name="loginValidationTest" time="0.537"/>
  <testcase classname="com.ecommerce.login.LoginTest" name="loginValidationTest" time="0.687"/>
  <testcase classname="com.ecommerce.login.LoginTest" name="loginValidationTest" time="5.814"/>
  <testcase classname="com.ecommerce.login.LoginTest" name="loginValidationTest" time="0.853"/>
  <testcase classname="com.ecommerce.login.LoginTest" name="loginValidationTest" time="0.883"/>
</testsuite> <!-- Default test -->
