<?xml version="1.0" encoding="UTF-8"?>
<testng-results ignored="0" total="6" passed="6" failed="0" skipped="0">
  <reporter-output>
  </reporter-output>
  <suite started-at="2025-01-21T10:58:24 IST" name="Default suite" finished-at="2025-01-21T10:58:41 IST" duration-ms="17612">
    <groups>
      <group name="regression">
        <method signature="LoginTest.loginValidationTest(java.lang.String,java.lang.String)[pri:0, instance:com.ecommerce.login.LoginTest@445b295b]" name="loginValidationTest" class="com.ecommerce.login.LoginTest"/>
      </group> <!-- regression -->
      <group name="smoke">
        <method signature="LoginTest.loginValidationTest(java.lang.String,java.lang.String)[pri:0, instance:com.ecommerce.login.LoginTest@445b295b]" name="loginValidationTest" class="com.ecommerce.login.LoginTest"/>
      </group> <!-- smoke -->
    </groups>
    <test started-at="2025-01-21T10:58:24 IST" name="Default test" finished-at="2025-01-21T10:58:41 IST" duration-ms="17612">
      <class name="com.ecommerce.login.LoginTest">
        <test-method is-config="true" signature="beforeClass(java.lang.String)[pri:0, instance:com.ecommerce.login.LoginTest@445b295b]" started-at="2025-01-21T10:58:24 IST" name="beforeClass" finished-at="2025-01-21T10:58:29 IST" duration-ms="4846" status="PASS">
          <params>
            <param index="0">
              <value>
                <![CDATA[chrome]]>
              </value>
            </param>
          </params>
          <reporter-output>
          </reporter-output>
        </test-method> <!-- beforeClass -->
        <test-method signature="loginValidationTest(java.lang.String,java.lang.String)[pri:0, instance:com.ecommerce.login.LoginTest@445b295b]" started-at="2025-01-21T10:58:31 IST" name="loginValidationTest" data-provider="loginData" finished-at="2025-01-21T10:58:32 IST" duration-ms="1052" status="PASS">
          <params>
            <param index="0">
              <value>
                <![CDATA[standard_user]]>
              </value>
            </param>
            <param index="1">
              <value>
                <![CDATA[secret_sauce]]>
              </value>
            </param>
          </params>
          <reporter-output>
          </reporter-output>
        </test-method> <!-- loginValidationTest -->
        <test-method signature="loginValidationTest(java.lang.String,java.lang.String)[pri:0, instance:com.ecommerce.login.LoginTest@445b295b]" started-at="2025-01-21T10:58:32 IST" name="loginValidationTest" data-provider="loginData" finished-at="2025-01-21T10:58:33 IST" duration-ms="537" status="PASS">
          <params>
            <param index="0">
              <value>
                <![CDATA[locked_out_user]]>
              </value>
            </param>
            <param index="1">
              <value>
                <![CDATA[secret_sauce]]>
              </value>
            </param>
          </params>
          <reporter-output>
          </reporter-output>
        </test-method> <!-- loginValidationTest -->
        <test-method signature="loginValidationTest(java.lang.String,java.lang.String)[pri:0, instance:com.ecommerce.login.LoginTest@445b295b]" started-at="2025-01-21T10:58:33 IST" name="loginValidationTest" data-provider="loginData" finished-at="2025-01-21T10:58:33 IST" duration-ms="687" status="PASS">
          <params>
            <param index="0">
              <value>
                <![CDATA[problem_user]]>
              </value>
            </param>
            <param index="1">
              <value>
                <![CDATA[secret_sauce]]>
              </value>
            </param>
          </params>
          <reporter-output>
          </reporter-output>
        </test-method> <!-- loginValidationTest -->
        <test-method signature="loginValidationTest(java.lang.String,java.lang.String)[pri:0, instance:com.ecommerce.login.LoginTest@445b295b]" started-at="2025-01-21T10:58:33 IST" name="loginValidationTest" data-provider="loginData" finished-at="2025-01-21T10:58:39 IST" duration-ms="5814" status="PASS">
          <params>
            <param index="0">
              <value>
                <![CDATA[performance_glitch_user]]>
              </value>
            </param>
            <param index="1">
              <value>
                <![CDATA[secret_sauce]]>
              </value>
            </param>
          </params>
          <reporter-output>
          </reporter-output>
        </test-method> <!-- loginValidationTest -->
        <test-method signature="loginValidationTest(java.lang.String,java.lang.String)[pri:0, instance:com.ecommerce.login.LoginTest@445b295b]" started-at="2025-01-21T10:58:39 IST" name="loginValidationTest" data-provider="loginData" finished-at="2025-01-21T10:58:40 IST" duration-ms="853" status="PASS">
          <params>
            <param index="0">
              <value>
                <![CDATA[error_user]]>
              </value>
            </param>
            <param index="1">
              <value>
                <![CDATA[secret_sauce]]>
              </value>
            </param>
          </params>
          <reporter-output>
          </reporter-output>
        </test-method> <!-- loginValidationTest -->
        <test-method signature="loginValidationTest(java.lang.String,java.lang.String)[pri:0, instance:com.ecommerce.login.LoginTest@445b295b]" started-at="2025-01-21T10:58:40 IST" name="loginValidationTest" data-provider="loginData" finished-at="2025-01-21T10:58:41 IST" duration-ms="883" status="PASS">
          <params>
            <param index="0">
              <value>
                <![CDATA[visual_user]]>
              </value>
            </param>
            <param index="1">
              <value>
                <![CDATA[secret_sauce]]>
              </value>
            </param>
          </params>
          <reporter-output>
          </reporter-output>
        </test-method> <!-- loginValidationTest -->
        <test-method is-config="true" signature="afterClass()[pri:0, instance:com.ecommerce.login.LoginTest@445b295b]" started-at="2025-01-21T10:58:41 IST" name="afterClass" finished-at="2025-01-21T10:58:41 IST" duration-ms="447" status="PASS">
          <reporter-output>
          </reporter-output>
        </test-method> <!-- afterClass -->
      </class> <!-- com.ecommerce.login.LoginTest -->
    </test> <!-- Default test -->
  </suite> <!-- Default suite -->
</testng-results>
