<?xml version="1.0" encoding="UTF-8"?>
<testng-results ignored="0" total="7" passed="6" failed="1" skipped="0">
  <reporter-output>
  </reporter-output>
  <suite started-at="2025-02-11T16:22:45 IST" name="Parallael Execution Suite" finished-at="2025-02-11T16:23:14 IST" duration-ms="28298">
    <groups>
      <group name="regression">
        <method signature="LoginTest.loginValidationTest(java.lang.String,java.lang.String)[pri:0, instance:com.ecommerce.login.LoginTest@6c4906d3]" name="loginValidationTest" class="com.ecommerce.login.LoginTest"/>
        <method signature="CartValidationTest.cartValidation()[pri:0, instance:com.ecommerce.addtocart.CartValidationTest@1b1cfb87]" name="cartValidation" class="com.ecommerce.addtocart.CartValidationTest"/>
      </group> <!-- regression -->
      <group name="smoke">
        <method signature="LoginTest.loginValidationTest(java.lang.String,java.lang.String)[pri:0, instance:com.ecommerce.login.LoginTest@6c4906d3]" name="loginValidationTest" class="com.ecommerce.login.LoginTest"/>
        <method signature="CartValidationTest.cartValidation()[pri:0, instance:com.ecommerce.addtocart.CartValidationTest@1b1cfb87]" name="cartValidation" class="com.ecommerce.addtocart.CartValidationTest"/>
      </group> <!-- smoke -->
    </groups>
    <test started-at="2025-02-11T16:22:45 IST" name="Test-1" finished-at="2025-02-11T16:23:14 IST" duration-ms="28298">
      <class name="com.ecommerce.login.LoginTest">
        <test-method is-config="true" signature="beforeClass(java.lang.String)[pri:0, instance:com.ecommerce.login.LoginTest@6c4906d3]" started-at="2025-02-11T16:22:46 IST" name="beforeClass" finished-at="2025-02-11T16:22:54 IST" duration-ms="8644" status="PASS">
          <params>
            <param index="0">
              <value>
                <![CDATA[chrome]]>
              </value>
            </param>
          </params>
          <reporter-output>
          </reporter-output>
        </test-method> <!-- beforeClass -->
        <test-method signature="loginValidationTest(java.lang.String,java.lang.String)[pri:0, instance:com.ecommerce.login.LoginTest@6c4906d3]" started-at="2025-02-11T16:23:00 IST" name="loginValidationTest" data-provider="loginData" finished-at="2025-02-11T16:23:02 IST" duration-ms="2062" status="PASS">
          <params>
            <param index="0">
              <value>
                <![CDATA[standard_user]]>
              </value>
            </param>
            <param index="1">
              <value>
                <![CDATA[secret_sauce]]>
              </value>
            </param>
          </params>
          <reporter-output>
          </reporter-output>
        </test-method> <!-- loginValidationTest -->
        <test-method signature="loginValidationTest(java.lang.String,java.lang.String)[pri:0, instance:com.ecommerce.login.LoginTest@6c4906d3]" started-at="2025-02-11T16:23:02 IST" name="loginValidationTest" data-provider="loginData" finished-at="2025-02-11T16:23:03 IST" duration-ms="1127" status="PASS">
          <params>
            <param index="0">
              <value>
                <![CDATA[locked_out_user]]>
              </value>
            </param>
            <param index="1">
              <value>
                <![CDATA[secret_sauce]]>
              </value>
            </param>
          </params>
          <reporter-output>
          </reporter-output>
        </test-method> <!-- loginValidationTest -->
        <test-method signature="loginValidationTest(java.lang.String,java.lang.String)[pri:0, instance:com.ecommerce.login.LoginTest@6c4906d3]" started-at="2025-02-11T16:23:03 IST" name="loginValidationTest" data-provider="loginData" finished-at="2025-02-11T16:23:04 IST" duration-ms="1344" status="PASS">
          <params>
            <param index="0">
              <value>
                <![CDATA[problem_user]]>
              </value>
            </param>
            <param index="1">
              <value>
                <![CDATA[secret_sauce]]>
              </value>
            </param>
          </params>
          <reporter-output>
          </reporter-output>
        </test-method> <!-- loginValidationTest -->
        <test-method signature="loginValidationTest(java.lang.String,java.lang.String)[pri:0, instance:com.ecommerce.login.LoginTest@6c4906d3]" started-at="2025-02-11T16:23:04 IST" name="loginValidationTest" data-provider="loginData" finished-at="2025-02-11T16:23:10 IST" duration-ms="6077" status="PASS">
          <params>
            <param index="0">
              <value>
                <![CDATA[performance_glitch_user]]>
              </value>
            </param>
            <param index="1">
              <value>
                <![CDATA[secret_sauce]]>
              </value>
            </param>
          </params>
          <reporter-output>
          </reporter-output>
        </test-method> <!-- loginValidationTest -->
        <test-method signature="loginValidationTest(java.lang.String,java.lang.String)[pri:0, instance:com.ecommerce.login.LoginTest@6c4906d3]" started-at="2025-02-11T16:23:10 IST" name="loginValidationTest" data-provider="loginData" finished-at="2025-02-11T16:23:11 IST" duration-ms="1117" status="PASS">
          <params>
            <param index="0">
              <value>
                <![CDATA[error_user]]>
              </value>
            </param>
            <param index="1">
              <value>
                <![CDATA[secret_sauce]]>
              </value>
            </param>
          </params>
          <reporter-output>
          </reporter-output>
        </test-method> <!-- loginValidationTest -->
        <test-method signature="loginValidationTest(java.lang.String,java.lang.String)[pri:0, instance:com.ecommerce.login.LoginTest@6c4906d3]" started-at="2025-02-11T16:23:11 IST" name="loginValidationTest" data-provider="loginData" finished-at="2025-02-11T16:23:13 IST" duration-ms="1176" status="PASS">
          <params>
            <param index="0">
              <value>
                <![CDATA[visual_user]]>
              </value>
            </param>
            <param index="1">
              <value>
                <![CDATA[secret_sauce]]>
              </value>
            </param>
          </params>
          <reporter-output>
          </reporter-output>
        </test-method> <!-- loginValidationTest -->
        <test-method signature="loginValidationTest(java.lang.String,java.lang.String)[pri:0, instance:com.ecommerce.login.LoginTest@6c4906d3]" started-at="2025-02-11T16:23:13 IST" name="loginValidationTest" data-provider="loginData" finished-at="2025-02-11T16:23:13 IST" duration-ms="108" status="FAIL">
          <params>
            <param index="0">
              <value is-null="true"/>
            </param>
            <param index="1">
              <value is-null="true"/>
            </param>
          </params>
          <exception class="java.lang.IllegalArgumentException">
            <message>
              <![CDATA[Keys to send should be a not null CharSequence]]>
            </message>
            <full-stacktrace>
              <![CDATA[java.lang.IllegalArgumentException: Keys to send should be a not null CharSequence
at org.openqa.selenium.remote.RemoteWebElement.sendKeys(RemoteWebElement.java:96)
at java.base/jdk.internal.reflect.NativeMethodAccessorImpl.invoke0(Native Method)
at java.base/jdk.internal.reflect.NativeMethodAccessorImpl.invoke(NativeMethodAccessorImpl.java:77)
at java.base/jdk.internal.reflect.DelegatingMethodAccessorImpl.invoke(DelegatingMethodAccessorImpl.java:43)
at java.base/java.lang.reflect.Method.invoke(Method.java:568)
at org.openqa.selenium.support.pagefactory.internal.LocatingElementHandler.invoke(LocatingElementHandler.java:51)
at jdk.proxy2/jdk.proxy2.$Proxy22.sendKeys(Unknown Source)
at com.ecommerce.objectrepository.LoginPage.login(LoginPage.java:47)
at com.ecommerce.generic.baseclass.BaseClass.login(BaseClass.java:67)
at com.ecommerce.login.LoginTest.loginValidationTest(LoginTest.java:37)
at java.base/jdk.internal.reflect.NativeMethodAccessorImpl.invoke0(Native Method)
at java.base/jdk.internal.reflect.NativeMethodAccessorImpl.invoke(NativeMethodAccessorImpl.java:77)
at java.base/jdk.internal.reflect.DelegatingMethodAccessorImpl.invoke(DelegatingMethodAccessorImpl.java:43)
at java.base/java.lang.reflect.Method.invoke(Method.java:568)
at org.testng.internal.invokers.MethodInvocationHelper.invokeMethod(MethodInvocationHelper.java:141)
at org.testng.internal.invokers.TestInvoker.invokeMethod(TestInvoker.java:686)
at org.testng.internal.invokers.TestInvoker.invokeTestMethod(TestInvoker.java:230)
at org.testng.internal.invokers.MethodRunner.runInSequence(MethodRunner.java:63)
at org.testng.internal.invokers.TestInvoker$MethodInvocationAgent.invoke(TestInvoker.java:992)
at org.testng.internal.invokers.TestInvoker.invokeTestMethods(TestInvoker.java:203)
at org.testng.internal.invokers.TestMethodWorker.invokeTestMethods(TestMethodWorker.java:154)
at org.testng.internal.invokers.TestMethodWorker.run(TestMethodWorker.java:134)
at java.base/java.util.ArrayList.forEach(ArrayList.java:1511)
at org.testng.TestRunner.privateRun(TestRunner.java:739)
at org.testng.TestRunner.run(TestRunner.java:614)
at org.testng.SuiteRunner.runTest(SuiteRunner.java:421)
at org.testng.SuiteRunner$SuiteWorker.run(SuiteRunner.java:463)
at org.testng.internal.thread.ThreadUtil.lambda$execute$0(ThreadUtil.java:64)
at java.base/java.util.concurrent.FutureTask.run(FutureTask.java:264)
at java.base/java.util.concurrent.ThreadPoolExecutor.runWorker(ThreadPoolExecutor.java:1136)
at java.base/java.util.concurrent.ThreadPoolExecutor$Worker.run(ThreadPoolExecutor.java:635)
at java.base/java.lang.Thread.run(Thread.java:840)
]]>
            </full-stacktrace>
          </exception> <!-- java.lang.IllegalArgumentException -->
          <reporter-output>
          </reporter-output>
        </test-method> <!-- loginValidationTest -->
        <test-method is-config="true" signature="afterClass()[pri:0, instance:com.ecommerce.login.LoginTest@6c4906d3]" started-at="2025-02-11T16:23:13 IST" name="afterClass" finished-at="2025-02-11T16:23:14 IST" duration-ms="448" status="PASS">
          <reporter-output>
          </reporter-output>
        </test-method> <!-- afterClass -->
      </class> <!-- com.ecommerce.login.LoginTest -->
    </test> <!-- Test-1 -->
  </suite> <!-- Parallael Execution Suite -->
</testng-results>
